
validate:pre:build:
     [echo] Checking for existence of GLOBUS_LOCATION envrironment variable.
     [echo] wscore.relative.dir = ws-core-4.0.3
     [echo] GLOBUS_LOCATION not set, downloading and installing http://gforge.nci.nih.gov/svnroot/commonlibrary/trunk/techstack-2006/os-independent/ws-core-enum-4.0.3.zip
    [unzip] Expanding: D:\AdvancedQuery_BDA\AdvancedQuery\software\target\download\ws-core-enum-4.0.3.zip into c:\apps\AdvancedQuery-webapp
     [echo] Completed install of wscore files into c:/apps/AdvancedQuery-webapp/ws-core-4.0.3 

clean:
   [delete] Deleting directory D:\AdvancedQuery_BDA\AdvancedQuery\software\target\dist
   [delete] Deleting directory D:\AdvancedQuery_BDA\AdvancedQuery\software\target\temp

init:
     [echo]  ______   ______   _______ 
     [echo] (____  \ (______) (_______)
     [echo]  ____)  ) _     _  _______ 
     [echo] |  __  ( | |   | ||  ___  |
     [echo] | |__)  )| |__/ / | |   | |
     [echo] |______/ |_____/  |_|   |_|
    [mkdir] Created dir: D:\AdvancedQuery_BDA\AdvancedQuery\software\target\dist
    [mkdir] Created dir: D:\AdvancedQuery_BDA\AdvancedQuery\software\target\dist\exploded
    [mkdir] Created dir: D:\AdvancedQuery_BDA\AdvancedQuery\software\target\dist\exploded\AdvancedQuery-api
    [mkdir] Created dir: D:\AdvancedQuery_BDA\AdvancedQuery\software\target\dist\exploded\AdvancedQuery-webapp
    [mkdir] Created dir: D:\AdvancedQuery_BDA\AdvancedQuery\software\target\dist\exploded\common
    [mkdir] Created dir: D:\AdvancedQuery_BDA\AdvancedQuery\software\target\dist\exploded\tools
    [mkdir] Created dir: D:\AdvancedQuery_BDA\AdvancedQuery\software\target\temp

build:AdvancedQuery-api:

build:AdvancedQuery-webapp:
Trying to override old definition of task shellscript
Trying to override old definition of task propertycopy
Trying to override old definition of task pathtofileset
Trying to override old definition of task remoteant
Trying to override old definition of task runtarget
Trying to override old definition of task assert
Trying to override old definition of task propertyregex
Trying to override old definition of task math
Trying to override old definition of task trycatch
Trying to override old definition of task antserver
Trying to override old definition of task antcallback
Trying to override old definition of task compilewithwalls
Trying to override old definition of task outofdate
Trying to override old definition of task osfamily
Trying to override old definition of task stopwatch
Trying to override old definition of task throw
Trying to override old definition of task antclipse
Trying to override old definition of task urlencode
Trying to override old definition of task timestampselector
Trying to override old definition of task foreach
Trying to override old definition of task if
Trying to override old definition of task propertyselector
Trying to override old definition of task sortlist
Trying to override old definition of task antfetch
Trying to override old definition of task post
Trying to override old definition of task forget
Trying to override old definition of task limit
Trying to override old definition of task switch
Trying to override old definition of task var
Trying to override old definition of task inifile
Trying to override old definition of task verifydesign
    [mkdir] Created dir: D:\AdvancedQuery_BDA\AdvancedQuery\software\AdvancedQuery\Jmeter-Tests\JTL
  [taskdef] Could not load definitions from resource tasks.properties. It could not be found.
  [taskdef] Could not load definitions from resource flexTasks.tasks. It could not be found.

init:
    [mkdir] Created dir: D:\AdvancedQuery_BDA\AdvancedQuery\software\AdvancedQuery\tempQuey

compile:
    [javac] Compiling 1 source file to D:\AdvancedQuery_BDA\AdvancedQuery\software\AdvancedQuery\build\WEB-INF\classes
     [copy] Copying 14 files to D:\AdvancedQuery_BDA\AdvancedQuery\software\AdvancedQuery\build\WEB-INF\classes

build_jar:
      [jar] Building jar: D:\AdvancedQuery_BDA\AdvancedQuery\software\AdvancedQuery\build\AdvanceQuery1.2.jar

create_zip:
   [delete] Deleting: D:\AdvancedQuery_BDA\AdvancedQuery\software\AdvancedQuery\build\AdvanceQuery_Installable.zip
    [mkdir] Created dir: D:\AdvancedQuery_BDA\AdvancedQuery\software\AdvancedQuery\build\AdvanceQuery_Installable
     [copy] Copying 1 file to D:\AdvancedQuery_BDA\AdvancedQuery\software\AdvancedQuery\build\AdvanceQuery_Installable
     [copy] Copying 1 file to D:\AdvancedQuery_BDA\AdvancedQuery\software\AdvancedQuery\build\AdvanceQuery_Installable
     [copy] Copying 1 file to D:\AdvancedQuery_BDA\AdvancedQuery\software\AdvancedQuery\build\AdvanceQuery_Installable
     [copy] Copying 1 file to D:\AdvancedQuery_BDA\AdvancedQuery\software\AdvancedQuery\build\AdvanceQuery_Installable
     [copy] Copying 1 file to D:\AdvancedQuery_BDA\AdvancedQuery\software\AdvancedQuery\build\AdvanceQuery_Installable
     [copy] Copying 1 file to D:\AdvancedQuery_BDA\AdvancedQuery\software\AdvancedQuery\build\AdvanceQuery_Installable
     [copy] Copying 1 file to D:\AdvancedQuery_BDA\AdvancedQuery\software\AdvancedQuery\build\AdvanceQuery_Installable
     [copy] Copying 1 file to D:\AdvancedQuery_BDA\AdvancedQuery\software\AdvancedQuery\build\AdvanceQuery_Installable
     [copy] Copying 1 file to D:\AdvancedQuery_BDA\AdvancedQuery\software\AdvancedQuery\build\AdvanceQuery_Installable
     [copy] Copying 1 file to D:\AdvancedQuery_BDA\AdvancedQuery\software\AdvancedQuery\build\AdvanceQuery_Installable
     [copy] Copying 1 file to D:\AdvancedQuery_BDA\AdvancedQuery\software\AdvancedQuery\build\AdvanceQuery_Installable
     [copy] Copying 2 files to D:\AdvancedQuery_BDA\AdvancedQuery\software\AdvancedQuery\build\AdvanceQuery_Installable\query-properties
     [copy] Copying 2 files to D:\AdvancedQuery_BDA\AdvancedQuery\software\AdvancedQuery\build\WEB-INF\classes
     [copy] Copying 2 files to D:\AdvancedQuery_BDA\AdvancedQuery\software\AdvancedQuery\build\AdvanceQuery_Installable
     [copy] Copying 4 files to D:\AdvancedQuery_BDA\AdvancedQuery\software\AdvancedQuery\build\AdvanceQuery_Installable
     [copy] Copying 12 files to D:\AdvancedQuery_BDA\AdvancedQuery\software\AdvancedQuery\build\AdvanceQuery_Installable\css
     [copy] Copying 5 files to D:\AdvancedQuery_BDA\AdvancedQuery\software\AdvancedQuery\build\AdvanceQuery_Installable\jss
     [copy] Copying 78 files to D:\AdvancedQuery_BDA\AdvancedQuery\software\AdvancedQuery\build\AdvanceQuery_Installable\images
     [copy] Copying 27 files to D:\AdvancedQuery_BDA\AdvancedQuery\software\AdvancedQuery\build\AdvanceQuery_Installable\pages
     [copy] Copying 9 files to D:\AdvancedQuery_BDA\AdvancedQuery\software\AdvancedQuery\build\AdvanceQuery_Installable\flex
     [copy] Copying 177 files to D:\AdvancedQuery_BDA\AdvancedQuery\software\AdvancedQuery\build\AdvanceQuery_Installable\flexclient
     [copy] Copying 3 files to D:\AdvancedQuery_BDA\AdvancedQuery\software\AdvancedQuery\build\AdvanceQuery_Installable\lib
     [copy] Copying 21 files to D:\AdvancedQuery_BDA\AdvancedQuery\software\AdvancedQuery\build\AdvanceQuery_Installable\SQL
     [copy] Copying 3 files to D:\AdvancedQuery_BDA\AdvancedQuery\software\AdvancedQuery\build\AdvanceQuery_Installable\DE_conf
      [zip] Building zip: D:\AdvancedQuery_BDA\AdvancedQuery\software\AdvancedQuery\build\AdvanceQuery_Installable.zip
   [delete] Deleting directory D:\AdvancedQuery_BDA\AdvancedQuery\software\AdvancedQuery\build\AdvanceQuery_Installable

dist:

build:all:

BUILD SUCCESSFUL
